<?xml version="1.0" encoding="UTF-8"?>
<!-- Generated by org.testng.reporters.JUnitXMLReporter -->
<testsuite ignored="0" hostname="LAPTOP-ICRKDLDS" failures="0" tests="7" name="Default test" time="58.117" errors="0" timestamp="2021-03-09T08:30:36 IST">
  <testcase classname="com.jobapp.TestCase.VerifyJobCardDetailsPage" name="verifyJobCardDetailPageFunctionality" time="11.037"/>
  <testcase classname="com.jobapp.TestCase.VerifyProfilePage" name="verifyValidUserLogin" time="1.109"/>
  <testcase classname="com.jobapp.TestCase.VerifyUserRegister" name="verifyValidUserRegister" time="0.318"/>
  <testcase classname="com.jobapp.TestCase.VerifyViewMoreDetailPage" name="verifyViewMoreDetailPageFunctionality" time="10.097"/>
  <testcase classname="com.jobapp.TestCase.VerifySearchPage" name="verifySearchFunctionality" time="3.296"/>
  <testcase classname="com.jobapp.TestCase.VerifyUserLogin" name="verifyInValidUserLogin" time="2.201"/>
  <testcase classname="com.jobapp.TestCase.VerifyUserLogin" name="verifyValidUserLogin" time="0.146"/>
</testsuite> <!-- Default test -->
